This is pdfTeX, Version 3.141592653-2.6-1.40.28 (MiKTeX 25.12) (preloaded format=pdflatex 2026.5.14)  28 MAY 2026 23:44
entering extended mode
 \write18 enabled.
 %&-line parsing enabled.
**C:/Users/ASUS/OneDrive/Desktop/pdf2latx/backend/outputs/b2bc9fa8-b6a/output.t
ex

(C:/Users/ASUS/OneDrive/Desktop/pdf2latx/backend/outputs/b2bc9fa8-b6a/output.te
x
LaTeX2e <2025-11-01>
L3 programming layer <2025-12-24>
(C:\Users\ASUS\AppData\Local\Programs\MiKTeX\tex/latex/base\article.cls
Document Class: article 2025/01/22 v1.4n Standard LaTeX document class
(C:\Users\ASUS\AppData\Local\Programs\MiKTeX\tex/latex/base\size12.clo
File: size12.clo 2025/01/22 v1.4n Standard LaTeX file (size option)
)
\c@part=\count275
\c@section=\count276
\c@subsection=\count277
\c@subsubsection=\count278
\c@paragraph=\count279
\c@subparagraph=\count280
\c@figure=\count281
\c@table=\count282
\abovecaptionskip=\skip49
\belowcaptionskip=\skip50
\bibindent=\dimen148
)
(C:\Users\ASUS\AppData\Local\Programs\MiKTeX\tex/latex/base\inputenc.sty
Package: inputenc 2024/02/08 v1.3d Input encoding file
\inpenc@prehook=\toks17
\inpenc@posthook=\toks18
)
(C:\Users\ASUS\AppData\Local\Programs\MiKTeX\tex/latex/base\fontenc.sty
Package: fontenc 2025/07/18 v2.1d Standard LaTeX package
)
(C:\Users\ASUS\AppData\Local\Programs\MiKTeX\tex/latex/psnfss\mathptmx.sty
Package: mathptmx 2020/03/25 PSNFSS-v9.3 Times w/ Math, improved (SPQR, WaS) 
LaTeX Font Info:    Redeclaring symbol font `operators' on input line 28.
LaTeX Font Info:    Overwriting symbol font `operators' in version `normal'
(Font)                  OT1/cmr/m/n --> OT1/ztmcm/m/n on input line 28.
LaTeX Font Info:    Overwriting symbol font `operators' in version `bold'
(Font)                  OT1/cmr/bx/n --> OT1/ztmcm/m/n on input line 28.
LaTeX Font Info:    Redeclaring symbol font `letters' on input line 29.
LaTeX Font Info:    Overwriting symbol font `letters' in version `normal'
(Font)                  OML/cmm/m/it --> OML/ztmcm/m/it on input line 29.
LaTeX Font Info:    Overwriting symbol font `letters' in version `bold'
(Font)                  OML/cmm/b/it --> OML/ztmcm/m/it on input line 29.
LaTeX Font Info:    Redeclaring symbol font `symbols' on input line 30.
LaTeX Font Info:    Overwriting symbol font `symbols' in version `normal'
(Font)                  OMS/cmsy/m/n --> OMS/ztmcm/m/n on input line 30.
LaTeX Font Info:    Overwriting symbol font `symbols' in version `bold'
(Font)                  OMS/cmsy/b/n --> OMS/ztmcm/m/n on input line 30.
LaTeX Font Info:    Redeclaring symbol font `largesymbols' on input line 31.
LaTeX Font Info:    Overwriting symbol font `largesymbols' in version `normal'
(Font)                  OMX/cmex/m/n --> OMX/ztmcm/m/n on input line 31.
LaTeX Font Info:    Overwriting symbol font `largesymbols' in version `bold'
(Font)                  OMX/cmex/m/n --> OMX/ztmcm/m/n on input line 31.
\symbold=\mathgroup4
\symitalic=\mathgroup5
LaTeX Font Info:    Redeclaring math alphabet \mathbf on input line 34.
LaTeX Font Info:    Overwriting math alphabet `\mathbf' in version `normal'
(Font)                  OT1/cmr/bx/n --> OT1/ptm/bx/n on input line 34.
LaTeX Font Info:    Overwriting math alphabet `\mathbf' in version `bold'
(Font)                  OT1/cmr/bx/n --> OT1/ptm/bx/n on input line 34.
LaTeX Font Info:    Redeclaring math alphabet \mathit on input line 35.
LaTeX Font Info:    Overwriting math alphabet `\mathit' in version `normal'
(Font)                  OT1/cmr/m/it --> OT1/ptm/m/it on input line 35.
LaTeX Font Info:    Overwriting math alphabet `\mathit' in version `bold'
(Font)                  OT1/cmr/bx/it --> OT1/ptm/m/it on input line 35.
LaTeX Info: Redefining \hbar on input line 50.
)
(C:\Users\ASUS\AppData\Local\Programs\MiKTeX\tex/latex/psnfss\helvet.sty
Package: helvet 2020/03/25 PSNFSS-v9.3 (WaS) 

(C:\Users\ASUS\AppData\Local\Programs\MiKTeX\tex/latex/graphics\keyval.sty
Package: keyval 2022/05/29 v1.15 key=value parser (DPC)
\KV@toks@=\toks19
))
(C:\Users\ASUS\AppData\Local\Programs\MiKTeX\tex/latex/psnfss\courier.sty
Package: courier 2020/03/25 PSNFSS-v9.3 (WaS) 
)
(C:\Users\ASUS\AppData\Local\Programs\MiKTeX\tex/latex/geometry\geometry.sty
Package: geometry 2026/03/07 v6.0 Page Geometry

(C:\Users\ASUS\AppData\Local\Programs\MiKTeX\tex/generic/iftex\ifvtex.sty
Package: ifvtex 2019/10/25 v1.7 ifvtex legacy package. Use iftex instead.

(C:\Users\ASUS\AppData\Local\Programs\MiKTeX\tex/generic/iftex\iftex.sty
Package: iftex 2024/12/12 v1.0g TeX engine tests
))
\Gm@cnth=\count283
\Gm@cntv=\count284
\c@Gm@tempcnt=\count285
\Gm@bindingoffset=\dimen149
\Gm@wd@mp=\dimen150
\Gm@odd@mp=\dimen151
\Gm@even@mp=\dimen152
\Gm@layoutwidth=\dimen153
\Gm@layoutheight=\dimen154
\Gm@layouthoffset=\dimen155
\Gm@layoutvoffset=\dimen156
\Gm@dimlist=\toks20

(C:\Users\ASUS\AppData\Local\Programs\MiKTeX\tex/latex/geometry\geometry.cfg))
(C:\Users\ASUS\AppData\Local\Programs\MiKTeX\tex/latex/xcolor\xcolor.sty
Package: xcolor 2024/09/29 v3.02 LaTeX color extensions (UK)

(C:\Users\ASUS\AppData\Local\Programs\MiKTeX\tex/latex/graphics-cfg\color.cfg
File: color.cfg 2016/01/02 v1.6 sample color configuration
)
Package xcolor Info: Driver file: pdftex.def on input line 274.

(C:\Users\ASUS\AppData\Local\Programs\MiKTeX\tex/latex/graphics-def\pdftex.def
File: pdftex.def 2025/09/29 v1.2d Graphics/color driver for pdftex
) (C:\Users\ASUS\AppData\Local\Programs\MiKTeX\tex/latex/graphics\mathcolor.ltx
)
Package xcolor Info: Model `cmy' substituted by `cmy0' on input line 1349.
Package xcolor Info: Model `hsb' substituted by `rgb' on input line 1353.
Package xcolor Info: Model `RGB' extended on input line 1365.
Package xcolor Info: Model `HTML' substituted by `rgb' on input line 1367.
Package xcolor Info: Model `Hsb' substituted by `hsb' on input line 1368.
Package xcolor Info: Model `tHsb' substituted by `hsb' on input line 1369.
Package xcolor Info: Model `HSB' substituted by `hsb' on input line 1370.
Package xcolor Info: Model `Gray' substituted by `gray' on input line 1371.
Package xcolor Info: Model `wave' substituted by `hsb' on input line 1372.
) (C:\Users\ASUS\AppData\Local\Programs\MiKTeX\tex/latex/graphics\dvipsnam.def
File: dvipsnam.def 2016/06/17 v3.0m Driver-dependent file (DPC,SPQR)
) (C:\Users\ASUS\AppData\Local\Programs\MiKTeX\tex/latex/xcolor\svgnam.def
File: svgnam.def 2024/09/29 v3.02 Predefined colors according to SVG 1.1 (UK)
)
(C:\Users\ASUS\AppData\Local\Programs\MiKTeX\tex/latex/xcolor\x11nam.def
File: x11nam.def 2024/09/29 v3.02 Predefined colors according to Unix/X11 (UK)
)
(C:\Users\ASUS\AppData\Local\Programs\MiKTeX\tex/latex/graphics\graphicx.sty
Package: graphicx 2024/12/31 v1.2e Enhanced LaTeX Graphics (DPC,SPQR)

(C:\Users\ASUS\AppData\Local\Programs\MiKTeX\tex/latex/graphics\graphics.sty
Package: graphics 2024/08/06 v1.4g Standard LaTeX Graphics (DPC,SPQR)

(C:\Users\ASUS\AppData\Local\Programs\MiKTeX\tex/latex/graphics\trig.sty
Package: trig 2023/12/02 v1.11 sin cos tan (DPC)
)
(C:\Users\ASUS\AppData\Local\Programs\MiKTeX\tex/latex/graphics-cfg\graphics.cf
g
File: graphics.cfg 2016/06/04 v1.11 sample graphics configuration
)
Package graphics Info: Driver file: pdftex.def on input line 106.
)
\Gin@req@height=\dimen157
\Gin@req@width=\dimen158
)
(C:\Users\ASUS\AppData\Local\Programs\MiKTeX\tex/latex/pgf/frontendlayer\tikz.s
ty
(C:\Users\ASUS\AppData\Local\Programs\MiKTeX\tex/latex/pgf/basiclayer\pgf.sty
(C:\Users\ASUS\AppData\Local\Programs\MiKTeX\tex/latex/pgf/utilities\pgfrcs.sty

(C:\Users\ASUS\AppData\Local\Programs\MiKTeX\tex/generic/pgf/utilities\pgfutil-
common.tex
\pgfutil@everybye=\toks21
\pgfutil@tempdima=\dimen159
\pgfutil@tempdimb=\dimen160
)
(C:\Users\ASUS\AppData\Local\Programs\MiKTeX\tex/generic/pgf/utilities\pgfutil-
latex.def
\pgfutil@abb=\box53
)
(C:\Users\ASUS\AppData\Local\Programs\MiKTeX\tex/generic/pgf/utilities\pgfrcs.c
ode.tex
(C:\Users\ASUS\AppData\Local\Programs\MiKTeX\tex/generic/pgf\pgf.revision.tex)
Package: pgfrcs 2025-08-29 v3.1.11a (3.1.11a)
))
Package: pgf 2025-08-29 v3.1.11a (3.1.11a)

(C:\Users\ASUS\AppData\Local\Programs\MiKTeX\tex/latex/pgf/basiclayer\pgfcore.s
ty
(C:\Users\ASUS\AppData\Local\Programs\MiKTeX\tex/latex/pgf/systemlayer\pgfsys.s
ty
(C:\Users\ASUS\AppData\Local\Programs\MiKTeX\tex/generic/pgf/systemlayer\pgfsys
.code.tex
Package: pgfsys 2025-08-29 v3.1.11a (3.1.11a)

(C:\Users\ASUS\AppData\Local\Programs\MiKTeX\tex/generic/pgf/utilities\pgfkeys.
code.tex
\pgfkeys@pathtoks=\toks22
\pgfkeys@temptoks=\toks23

(C:\Users\ASUS\AppData\Local\Programs\MiKTeX\tex/generic/pgf/utilities\pgfkeysl
ibraryfiltered.code.tex
\pgfkeys@tmptoks=\toks24
))
\pgf@x=\dimen161
\pgf@y=\dimen162
\pgf@xa=\dimen163
\pgf@ya=\dimen164
\pgf@xb=\dimen165
\pgf@yb=\dimen166
\pgf@xc=\dimen167
\pgf@yc=\dimen168
\pgf@xd=\dimen169
\pgf@yd=\dimen170
\w@pgf@writea=\write3
\r@pgf@reada=\read2
\c@pgf@counta=\count286
\c@pgf@countb=\count287
\c@pgf@countc=\count288
\c@pgf@countd=\count289
\t@pgf@toka=\toks25
\t@pgf@tokb=\toks26
\t@pgf@tokc=\toks27
\pgf@sys@id@count=\count290

(C:\Users\ASUS\AppData\Local\Programs\MiKTeX\tex/generic/pgf/systemlayer\pgf.cf
g
File: pgf.cfg 2025-08-29 v3.1.11a (3.1.11a)
)
Driver file for pgf: pgfsys-pdftex.def

(C:\Users\ASUS\AppData\Local\Programs\MiKTeX\tex/generic/pgf/systemlayer\pgfsys
-pdftex.def
File: pgfsys-pdftex.def 2025-08-29 v3.1.11a (3.1.11a)

(C:\Users\ASUS\AppData\Local\Programs\MiKTeX\tex/generic/pgf/systemlayer\pgfsys
-common-pdf.def
File: pgfsys-common-pdf.def 2025-08-29 v3.1.11a (3.1.11a)
)))
(C:\Users\ASUS\AppData\Local\Programs\MiKTeX\tex/generic/pgf/systemlayer\pgfsys
softpath.code.tex
File: pgfsyssoftpath.code.tex 2025-08-29 v3.1.11a (3.1.11a)
\pgfsyssoftpath@smallbuffer@items=\count291
\pgfsyssoftpath@bigbuffer@items=\count292
)
(C:\Users\ASUS\AppData\Local\Programs\MiKTeX\tex/generic/pgf/systemlayer\pgfsys
protocol.code.tex
File: pgfsysprotocol.code.tex 2025-08-29 v3.1.11a (3.1.11a)
))
(C:\Users\ASUS\AppData\Local\Programs\MiKTeX\tex/generic/pgf/basiclayer\pgfcore
.code.tex
Package: pgfcore 2025-08-29 v3.1.11a (3.1.11a)

(C:\Users\ASUS\AppData\Local\Programs\MiKTeX\tex/generic/pgf/math\pgfmath.code.
tex
(C:\Users\ASUS\AppData\Local\Programs\MiKTeX\tex/generic/pgf/math\pgfmathutil.c
ode.tex)
(C:\Users\ASUS\AppData\Local\Programs\MiKTeX\tex/generic/pgf/math\pgfmathparser
.code.tex
\pgfmath@dimen=\dimen171
\pgfmath@count=\count293
\pgfmath@box=\box54
\pgfmath@toks=\toks28
\pgfmath@stack@operand=\toks29
\pgfmath@stack@operation=\toks30
)
(C:\Users\ASUS\AppData\Local\Programs\MiKTeX\tex/generic/pgf/math\pgfmathfuncti
ons.code.tex)
(C:\Users\ASUS\AppData\Local\Programs\MiKTeX\tex/generic/pgf/math\pgfmathfuncti
ons.basic.code.tex)
(C:\Users\ASUS\AppData\Local\Programs\MiKTeX\tex/generic/pgf/math\pgfmathfuncti
ons.trigonometric.code.tex)
(C:\Users\ASUS\AppData\Local\Programs\MiKTeX\tex/generic/pgf/math\pgfmathfuncti
ons.random.code.tex)
(C:\Users\ASUS\AppData\Local\Programs\MiKTeX\tex/generic/pgf/math\pgfmathfuncti
ons.comparison.code.tex)
(C:\Users\ASUS\AppData\Local\Programs\MiKTeX\tex/generic/pgf/math\pgfmathfuncti
ons.base.code.tex)
(C:\Users\ASUS\AppData\Local\Programs\MiKTeX\tex/generic/pgf/math\pgfmathfuncti
ons.round.code.tex)
(C:\Users\ASUS\AppData\Local\Programs\MiKTeX\tex/generic/pgf/math\pgfmathfuncti
ons.misc.code.tex)
(C:\Users\ASUS\AppData\Local\Programs\MiKTeX\tex/generic/pgf/math\pgfmathfuncti
ons.integerarithmetics.code.tex)
(C:\Users\ASUS\AppData\Local\Programs\MiKTeX\tex/generic/pgf/math\pgfmathcalc.c
ode.tex)
(C:\Users\ASUS\AppData\Local\Programs\MiKTeX\tex/generic/pgf/math\pgfmathfloat.
code.tex
\c@pgfmathroundto@lastzeros=\count294
))
(C:\Users\ASUS\AppData\Local\Programs\MiKTeX\tex/generic/pgf/math\pgfint.code.t
ex)
(C:\Users\ASUS\AppData\Local\Programs\MiKTeX\tex/generic/pgf/basiclayer\pgfcore
points.code.tex
File: pgfcorepoints.code.tex 2025-08-29 v3.1.11a (3.1.11a)
\pgf@picminx=\dimen172
\pgf@picmaxx=\dimen173
\pgf@picminy=\dimen174
\pgf@picmaxy=\dimen175
\pgf@pathminx=\dimen176
\pgf@pathmaxx=\dimen177
\pgf@pathminy=\dimen178
\pgf@pathmaxy=\dimen179
\pgf@xx=\dimen180
\pgf@xy=\dimen181
\pgf@yx=\dimen182
\pgf@yy=\dimen183
\pgf@zx=\dimen184
\pgf@zy=\dimen185
)
(C:\Users\ASUS\AppData\Local\Programs\MiKTeX\tex/generic/pgf/basiclayer\pgfcore
pathconstruct.code.tex
File: pgfcorepathconstruct.code.tex 2025-08-29 v3.1.11a (3.1.11a)
\pgf@path@lastx=\dimen186
\pgf@path@lasty=\dimen187
)
(C:\Users\ASUS\AppData\Local\Programs\MiKTeX\tex/generic/pgf/basiclayer\pgfcore
pathusage.code.tex
File: pgfcorepathusage.code.tex 2025-08-29 v3.1.11a (3.1.11a)
\pgf@shorten@end@additional=\dimen188
\pgf@shorten@start@additional=\dimen189
)
(C:\Users\ASUS\AppData\Local\Programs\MiKTeX\tex/generic/pgf/basiclayer\pgfcore
scopes.code.tex
File: pgfcorescopes.code.tex 2025-08-29 v3.1.11a (3.1.11a)
\pgfpic=\box55
\pgf@hbox=\box56
\pgf@layerbox@main=\box57
\pgf@picture@serial@count=\count295
)
(C:\Users\ASUS\AppData\Local\Programs\MiKTeX\tex/generic/pgf/basiclayer\pgfcore
graphicstate.code.tex
File: pgfcoregraphicstate.code.tex 2025-08-29 v3.1.11a (3.1.11a)
\pgflinewidth=\dimen190
)
(C:\Users\ASUS\AppData\Local\Programs\MiKTeX\tex/generic/pgf/basiclayer\pgfcore
transformations.code.tex
File: pgfcoretransformations.code.tex 2025-08-29 v3.1.11a (3.1.11a)
\pgf@pt@x=\dimen191
\pgf@pt@y=\dimen192
\pgf@pt@temp=\dimen193
)
(C:\Users\ASUS\AppData\Local\Programs\MiKTeX\tex/generic/pgf/basiclayer\pgfcore
quick.code.tex
File: pgfcorequick.code.tex 2025-08-29 v3.1.11a (3.1.11a)
)
(C:\Users\ASUS\AppData\Local\Programs\MiKTeX\tex/generic/pgf/basiclayer\pgfcore
objects.code.tex
File: pgfcoreobjects.code.tex 2025-08-29 v3.1.11a (3.1.11a)
)
(C:\Users\ASUS\AppData\Local\Programs\MiKTeX\tex/generic/pgf/basiclayer\pgfcore
pathprocessing.code.tex
File: pgfcorepathprocessing.code.tex 2025-08-29 v3.1.11a (3.1.11a)
)
(C:\Users\ASUS\AppData\Local\Programs\MiKTeX\tex/generic/pgf/basiclayer\pgfcore
arrows.code.tex
File: pgfcorearrows.code.tex 2025-08-29 v3.1.11a (3.1.11a)
\pgfarrowsep=\dimen194
)
(C:\Users\ASUS\AppData\Local\Programs\MiKTeX\tex/generic/pgf/basiclayer\pgfcore
shade.code.tex
File: pgfcoreshade.code.tex 2025-08-29 v3.1.11a (3.1.11a)
\pgf@max=\dimen195
\pgf@sys@shading@range@num=\count296
\pgf@shadingcount=\count297
)
(C:\Users\ASUS\AppData\Local\Programs\MiKTeX\tex/generic/pgf/basiclayer\pgfcore
image.code.tex
File: pgfcoreimage.code.tex 2025-08-29 v3.1.11a (3.1.11a)
)
(C:\Users\ASUS\AppData\Local\Programs\MiKTeX\tex/generic/pgf/basiclayer\pgfcore
external.code.tex
File: pgfcoreexternal.code.tex 2025-08-29 v3.1.11a (3.1.11a)
\pgfexternal@startupbox=\box58
)
(C:\Users\ASUS\AppData\Local\Programs\MiKTeX\tex/generic/pgf/basiclayer\pgfcore
layers.code.tex
File: pgfcorelayers.code.tex 2025-08-29 v3.1.11a (3.1.11a)
)
(C:\Users\ASUS\AppData\Local\Programs\MiKTeX\tex/generic/pgf/basiclayer\pgfcore
transparency.code.tex
File: pgfcoretransparency.code.tex 2025-08-29 v3.1.11a (3.1.11a)
)
(C:\Users\ASUS\AppData\Local\Programs\MiKTeX\tex/generic/pgf/basiclayer\pgfcore
patterns.code.tex
File: pgfcorepatterns.code.tex 2025-08-29 v3.1.11a (3.1.11a)
)
(C:\Users\ASUS\AppData\Local\Programs\MiKTeX\tex/generic/pgf/basiclayer\pgfcore
rdf.code.tex
File: pgfcorerdf.code.tex 2025-08-29 v3.1.11a (3.1.11a)
)))
(C:\Users\ASUS\AppData\Local\Programs\MiKTeX\tex/generic/pgf/modules\pgfmodules
hapes.code.tex
File: pgfmoduleshapes.code.tex 2025-08-29 v3.1.11a (3.1.11a)
\pgfnodeparttextbox=\box59
)
(C:\Users\ASUS\AppData\Local\Programs\MiKTeX\tex/generic/pgf/modules\pgfmodulep
lot.code.tex
File: pgfmoduleplot.code.tex 2025-08-29 v3.1.11a (3.1.11a)
)
(C:\Users\ASUS\AppData\Local\Programs\MiKTeX\tex/latex/pgf/compatibility\pgfcom
p-version-0-65.sty
Package: pgfcomp-version-0-65 2025-08-29 v3.1.11a (3.1.11a)
\pgf@nodesepstart=\dimen196
\pgf@nodesepend=\dimen197
)
(C:\Users\ASUS\AppData\Local\Programs\MiKTeX\tex/latex/pgf/compatibility\pgfcom
p-version-1-18.sty
Package: pgfcomp-version-1-18 2025-08-29 v3.1.11a (3.1.11a)
))
(C:\Users\ASUS\AppData\Local\Programs\MiKTeX\tex/latex/pgf/utilities\pgffor.sty

(C:\Users\ASUS\AppData\Local\Programs\MiKTeX\tex/latex/pgf/utilities\pgfkeys.st
y
(C:\Users\ASUS\AppData\Local\Programs\MiKTeX\tex/generic/pgf/utilities\pgfkeys.
code.tex))
(C:\Users\ASUS\AppData\Local\Programs\MiKTeX\tex/latex/pgf/math\pgfmath.sty
(C:\Users\ASUS\AppData\Local\Programs\MiKTeX\tex/generic/pgf/math\pgfmath.code.
tex))
(C:\Users\ASUS\AppData\Local\Programs\MiKTeX\tex/generic/pgf/utilities\pgffor.c
ode.tex
Package: pgffor 2025-08-29 v3.1.11a (3.1.11a)
\pgffor@iter=\dimen198
\pgffor@skip=\dimen199
\pgffor@stack=\toks31
\pgffor@toks=\toks32
))
(C:\Users\ASUS\AppData\Local\Programs\MiKTeX\tex/generic/pgf/frontendlayer/tikz
\tikz.code.tex
Package: tikz 2025-08-29 v3.1.11a (3.1.11a)

(C:\Users\ASUS\AppData\Local\Programs\MiKTeX\tex/generic/pgf/libraries\pgflibra
ryplothandlers.code.tex
File: pgflibraryplothandlers.code.tex 2025-08-29 v3.1.11a (3.1.11a)
\pgf@plot@mark@count=\count298
\pgfplotmarksize=\dimen256
)
\tikz@lastx=\dimen257
\tikz@lasty=\dimen258
\tikz@lastxsaved=\dimen259
\tikz@lastysaved=\dimen260
\tikz@lastmovetox=\dimen261
\tikz@lastmovetoy=\dimen262
\tikzleveldistance=\dimen263
\tikzsiblingdistance=\dimen264
\tikz@figbox=\box60
\tikz@figbox@bg=\box61
\tikz@tempbox=\box62
\tikz@tempbox@bg=\box63
\tikztreelevel=\count299
\tikznumberofchildren=\count300
\tikznumberofcurrentchild=\count301
\tikz@fig@count=\count302

(C:\Users\ASUS\AppData\Local\Programs\MiKTeX\tex/generic/pgf/modules\pgfmodulem
atrix.code.tex
File: pgfmodulematrix.code.tex 2025-08-29 v3.1.11a (3.1.11a)
\pgfmatrixcurrentrow=\count303
\pgfmatrixcurrentcolumn=\count304
\pgf@matrix@numberofcolumns=\count305
)
\tikz@expandcount=\count306

(C:\Users\ASUS\AppData\Local\Programs\MiKTeX\tex/generic/pgf/frontendlayer/tikz
/libraries\tikzlibrarytopaths.code.tex
File: tikzlibrarytopaths.code.tex 2025-08-29 v3.1.11a (3.1.11a)
)))
(C:\Users\ASUS\AppData\Local\Programs\MiKTeX\tex/latex/float\float.sty
Package: float 2001/11/08 v1.3d Float enhancements (AL)
\c@float@type=\count307
\float@exts=\toks33
\float@box=\box64
\@float@everytoks=\toks34
\@floatcapt=\box65
)
(C:\Users\ASUS\AppData\Local\Programs\MiKTeX\tex/latex/amsmath\amsmath.sty
Package: amsmath 2025/07/09 v2.17z AMS math features
\@mathmargin=\skip51

For additional information on amsmath, use the `?' option.
(C:\Users\ASUS\AppData\Local\Programs\MiKTeX\tex/latex/amsmath\amstext.sty
Package: amstext 2024/11/17 v2.01 AMS text

(C:\Users\ASUS\AppData\Local\Programs\MiKTeX\tex/latex/amsmath\amsgen.sty
File: amsgen.sty 1999/11/30 v2.0 generic functions
\@emptytoks=\toks35
\ex@=\dimen265
))
(C:\Users\ASUS\AppData\Local\Programs\MiKTeX\tex/latex/amsmath\amsbsy.sty
Package: amsbsy 1999/11/29 v1.2d Bold Symbols
\pmbraise@=\dimen266
)
(C:\Users\ASUS\AppData\Local\Programs\MiKTeX\tex/latex/amsmath\amsopn.sty
Package: amsopn 2022/04/08 v2.04 operator names
)
\inf@bad=\count308
LaTeX Info: Redefining \frac on input line 233.
\uproot@=\count309
\leftroot@=\count310
LaTeX Info: Redefining \overline on input line 398.
LaTeX Info: Redefining \colon on input line 409.
\classnum@=\count311
\DOTSCASE@=\count312
LaTeX Info: Redefining \ldots on input line 495.
LaTeX Info: Redefining \dots on input line 498.
LaTeX Info: Redefining \cdots on input line 619.
\Mathstrutbox@=\box66
\strutbox@=\box67
LaTeX Info: Redefining \big on input line 721.
LaTeX Info: Redefining \Big on input line 722.
LaTeX Info: Redefining \bigg on input line 723.
LaTeX Info: Redefining \Bigg on input line 724.
\big@size=\dimen267
LaTeX Font Info:    Redeclaring font encoding OML on input line 742.
LaTeX Font Info:    Redeclaring font encoding OMS on input line 743.
\macc@depth=\count313
LaTeX Info: Redefining \bmod on input line 904.
LaTeX Info: Redefining \pmod on input line 909.
LaTeX Info: Redefining \smash on input line 939.
LaTeX Info: Redefining \relbar on input line 969.
LaTeX Info: Redefining \Relbar on input line 970.
\c@MaxMatrixCols=\count314
\dotsspace@=\muskip17
\c@parentequation=\count315
\dspbrk@lvl=\count316
\tag@help=\toks36
\row@=\count317
\column@=\count318
\maxfields@=\count319
\andhelp@=\toks37
\eqnshift@=\dimen268
\alignsep@=\dimen269
\tagshift@=\dimen270
\tagwidth@=\dimen271
\totwidth@=\dimen272
\lineht@=\dimen273
\@envbody=\toks38
\multlinegap=\skip52
\multlinetaggap=\skip53
\mathdisplay@stack=\toks39
LaTeX Info: Redefining \[ on input line 2950.
LaTeX Info: Redefining \] on input line 2951.
)
(C:\Users\ASUS\AppData\Local\Programs\MiKTeX\tex/latex/amsfonts\amssymb.sty
Package: amssymb 2013/01/14 v3.01 AMS font symbols

(C:\Users\ASUS\AppData\Local\Programs\MiKTeX\tex/latex/amsfonts\amsfonts.sty
Package: amsfonts 2013/01/14 v3.01 Basic AMSFonts support
\symAMSa=\mathgroup6
\symAMSb=\mathgroup7
LaTeX Font Info:    Overwriting math alphabet `\mathfrak' in version `bold'
(Font)                  U/euf/m/n --> U/euf/b/n on input line 106.
))
(C:\Users\ASUS\AppData\Local\Programs\MiKTeX\tex/latex/ulem\ulem.sty
\UL@box=\box68
\UL@hyphenbox=\box69
\UL@skip=\skip54
\UL@hook=\toks40
\UL@height=\dimen274
\UL@pe=\count320
\UL@pixel=\dimen275
\ULC@box=\box70
Package: ulem 2019/11/18
\ULdepth=\dimen276
)
(C:\Users\ASUS\AppData\Local\Programs\MiKTeX\tex/latex/base\textcomp.sty
Package: textcomp 2024/04/24 v2.1b Standard LaTeX package
)
LaTeX Font Info:    Trying to load font information for T1+ptm on input line 42
.

(C:\Users\ASUS\AppData\Local\Programs\MiKTeX\tex/latex/psnfss\t1ptm.fd
File: t1ptm.fd 2001/06/04 font definitions for T1/ptm.
)
(C:\Users\ASUS\AppData\Local\Programs\MiKTeX\tex/latex/l3backend\l3backend-pdft
ex.def
File: l3backend-pdftex.def 2025-10-09 L3 backend support: PDF output (pdfTeX)
\l__color_backend_stack_int=\count321
) (output.aux)
\openout1 = `output.aux'.

LaTeX Font Info:    Checking defaults for OML/cmm/m/it on input line 42.
LaTeX Font Info:    ... okay on input line 42.
LaTeX Font Info:    Checking defaults for OMS/cmsy/m/n on input line 42.
LaTeX Font Info:    ... okay on input line 42.
LaTeX Font Info:    Checking defaults for OT1/cmr/m/n on input line 42.
LaTeX Font Info:    ... okay on input line 42.
LaTeX Font Info:    Checking defaults for T1/cmr/m/n on input line 42.
LaTeX Font Info:    ... okay on input line 42.
LaTeX Font Info:    Checking defaults for TS1/cmr/m/n on input line 42.
LaTeX Font Info:    ... okay on input line 42.
LaTeX Font Info:    Checking defaults for OMX/cmex/m/n on input line 42.
LaTeX Font Info:    ... okay on input line 42.
LaTeX Font Info:    Checking defaults for U/cmr/m/n on input line 42.
LaTeX Font Info:    ... okay on input line 42.

*geometry* driver: auto-detecting
*geometry* detected driver: pdftex
*geometry* verbose mode - [ preamble ] result:
* driver: pdftex
* paper: custom
* layout: <same size as paper>
* layoutoffset:(h,v)=(0.0pt,0.0pt)
* modes: 
* h-part:(L,W,R)=(0.0pt, 597.43199pt, 0.0pt)
* v-part:(T,H,B)=(0.0pt, 845.0772pt, 0.0pt)
* \paperwidth=597.43199pt
* \paperheight=845.0772pt
* \textwidth=597.43199pt
* \textheight=845.0772pt
* \oddsidemargin=-72.26999pt
* \evensidemargin=-72.26999pt
* \topmargin=-72.26999pt
* \headheight=0.0pt
* \headsep=0.0pt
* \topskip=12.0pt
* \footskip=0.0pt
* \marginparwidth=35.0pt
* \marginparsep=10.0pt
* \columnsep=10.0pt
* \skip\footins=10.8pt plus 4.0pt minus 2.0pt
* \hoffset=0.0pt
* \voffset=0.0pt
* \mag=1000
* \@twocolumnfalse
* \@twosidefalse
* \@mparswitchfalse
* \@reversemarginfalse
* (1in=72.27pt=25.4mm, 1cm=28.453pt)


(C:\Users\ASUS\AppData\Local\Programs\MiKTeX\tex/context/base/mkii\supp-pdf.mki
i
[Loading MPS to PDF converter (version 2006.09.02).]
\scratchcounter=\count322
\scratchdimen=\dimen277
\scratchbox=\box71
\nofMPsegments=\count323
\nofMParguments=\count324
\everyMPshowfont=\toks41
\MPscratchCnt=\count325
\MPscratchDim=\dimen278
\MPnumerator=\count326
\makeMPintoPDFobject=\count327
\everyMPtoPDFconversion=\toks42
)
(C:\Users\ASUS\AppData\Local\Programs\MiKTeX\tex/latex/epstopdf-pkg\epstopdf-ba
se.sty
Package: epstopdf-base 2020-01-24 v2.11 Base part for package epstopdf
Package epstopdf-base Info: Redefining graphics rule for `.eps' on input line 4
85.

(C:\Users\ASUS\AppData\Local\Programs\MiKTeX\tex/latex/00miktex\epstopdf-sys.cf
g
File: epstopdf-sys.cfg 2021/03/18 v2.0 Configuration of epstopdf for MiKTeX
))
<images/image_p1_1.png, id=4, 243.91125pt x 136.25906pt>
File: images/image_p1_1.png Graphic file (type png)
<use images/image_p1_1.png>
Package pdftex.def Info: images/image_p1_1.png  used on input line 47.
(pdftex.def)             Requested size: 229.45895pt x 88.83138pt.
LaTeX Font Info:    Trying to load font information for OT1+ztmcm on input line
 77.
 (C:\Users\ASUS\AppData\Local\Programs\MiKTeX\tex/latex/psnfss\ot1ztmcm.fd
File: ot1ztmcm.fd 2000/01/03 Fontinst v1.801 font definitions for OT1/ztmcm.
)
LaTeX Font Info:    Trying to load font information for OML+ztmcm on input line
 77.

(C:\Users\ASUS\AppData\Local\Programs\MiKTeX\tex/latex/psnfss\omlztmcm.fd
File: omlztmcm.fd 2000/01/03 Fontinst v1.801 font definitions for OML/ztmcm.
)
LaTeX Font Info:    Trying to load font information for OMS+ztmcm on input line
 77.

(C:\Users\ASUS\AppData\Local\Programs\MiKTeX\tex/latex/psnfss\omsztmcm.fd
File: omsztmcm.fd 2000/01/03 Fontinst v1.801 font definitions for OMS/ztmcm.
)
LaTeX Font Info:    Trying to load font information for OMX+ztmcm on input line
 77.

(C:\Users\ASUS\AppData\Local\Programs\MiKTeX\tex/latex/psnfss\omxztmcm.fd
File: omxztmcm.fd 2000/01/03 Fontinst v1.801 font definitions for OMX/ztmcm.
)
LaTeX Font Info:    Trying to load font information for OT1+ptm on input line 7
7.

(C:\Users\ASUS\AppData\Local\Programs\MiKTeX\tex/latex/psnfss\ot1ptm.fd
File: ot1ptm.fd 2001/06/04 font definitions for OT1/ptm.
)
LaTeX Font Info:    Font shape `OT1/ptm/bx/n' in size <12> not available
(Font)              Font shape `OT1/ptm/b/n' tried instead on input line 77.
LaTeX Font Info:    Font shape `OT1/ptm/bx/n' in size <9> not available
(Font)              Font shape `OT1/ptm/b/n' tried instead on input line 77.
LaTeX Font Info:    Font shape `OT1/ptm/bx/n' in size <7> not available
(Font)              Font shape `OT1/ptm/b/n' tried instead on input line 77.

[1

{C:/Users/ASUS/AppData/Local/MiKTeX/fonts/map/pdftex/pdftex.map}{C:/Users/ASUS/
AppData/Local/Programs/MiKTeX/fonts/enc/dvips/base/8r.enc} <./images/image_p1_1
.png (PNG copy)>]
! Missing { inserted.
<to be read again> 
                   _
l.136 ...t (70.82,275.62) {$\displaystyle Sign: __
                                                  ________$};
A left brace was mandatory here, so I've put one in.
You might want to delete and/or insert some corrections
so that I will find a matching right brace soon.
(If you're confused by all this, try typing `I}' now.)

! Missing { inserted.
<to be read again> 
                   _
l.136 ... (70.82,275.62) {$\displaystyle Sign: ___
                                                  _______$};
A left brace was mandatory here, so I've put one in.
You might want to delete and/or insert some corrections
so that I will find a matching right brace soon.
(If you're confused by all this, try typing `I}' now.)

! Missing { inserted.
<to be read again> 
                   _
l.136 ...(70.82,275.62) {$\displaystyle Sign: ____
                                                  ______$};
A left brace was mandatory here, so I've put one in.
You might want to delete and/or insert some corrections
so that I will find a matching right brace soon.
(If you're confused by all this, try typing `I}' now.)

! Missing { inserted.
<to be read again> 
                   _
l.136 ...70.82,275.62) {$\displaystyle Sign: _____
                                                  _____$};
A left brace was mandatory here, so I've put one in.
You might want to delete and/or insert some corrections
so that I will find a matching right brace soon.
(If you're confused by all this, try typing `I}' now.)

! Missing { inserted.
<to be read again> 
                   _
l.136 ...0.82,275.62) {$\displaystyle Sign: ______
                                                  ____$};
A left brace was mandatory here, so I've put one in.
You might want to delete and/or insert some corrections
so that I will find a matching right brace soon.
(If you're confused by all this, try typing `I}' now.)

! Missing { inserted.
<to be read again> 
                   _
l.136 ....82,275.62) {$\displaystyle Sign: _______
                                                  ___$};
A left brace was mandatory here, so I've put one in.
You might want to delete and/or insert some corrections
so that I will find a matching right brace soon.
(If you're confused by all this, try typing `I}' now.)

! Missing { inserted.
<to be read again> 
                   _
l.136 ...82,275.62) {$\displaystyle Sign: ________
                                                  __$};
A left brace was mandatory here, so I've put one in.
You might want to delete and/or insert some corrections
so that I will find a matching right brace soon.
(If you're confused by all this, try typing `I}' now.)

! Missing { inserted.
<to be read again> 
                   _
l.136 ...2,275.62) {$\displaystyle Sign: _________
                                                  _$};
A left brace was mandatory here, so I've put one in.
You might want to delete and/or insert some corrections
so that I will find a matching right brace soon.
(If you're confused by all this, try typing `I}' now.)

! Missing { inserted.
<to be read again> 
                   _
l.136 ...,275.62) {$\displaystyle Sign: __________
                                                  $};
A left brace was mandatory here, so I've put one in.
You might want to delete and/or insert some corrections
so that I will find a matching right brace soon.
(If you're confused by all this, try typing `I}' now.)

! Missing { inserted.
<to be read again> 
                   $
l.136 ...275.62) {$\displaystyle Sign: __________$
                                                  };
A left brace was mandatory here, so I've put one in.
You might want to delete and/or insert some corrections
so that I will find a matching right brace soon.
(If you're confused by all this, try typing `I}' now.)

! Missing } inserted.
<inserted text> 
                }
l.136 ...275.62) {$\displaystyle Sign: __________$
                                                  };
I've inserted something that you may have forgotten.
(See the <inserted text> above.)
With luck, this will get me unwedged. But if you
really didn't forget anything, try typing `2' now; then
my insertion and my current dilemma will both disappear.

! Missing } inserted.
<inserted text> 
                }
l.136 ...275.62) {$\displaystyle Sign: __________$
                                                  };
I've inserted something that you may have forgotten.
(See the <inserted text> above.)
With luck, this will get me unwedged. But if you
really didn't forget anything, try typing `2' now; then
my insertion and my current dilemma will both disappear.

! Missing } inserted.
<inserted text> 
                }
l.136 ...275.62) {$\displaystyle Sign: __________$
                                                  };
I've inserted something that you may have forgotten.
(See the <inserted text> above.)
With luck, this will get me unwedged. But if you
really didn't forget anything, try typing `2' now; then
my insertion and my current dilemma will both disappear.

! Missing } inserted.
<inserted text> 
                }
l.136 ...275.62) {$\displaystyle Sign: __________$
                                                  };
I've inserted something that you may have forgotten.
(See the <inserted text> above.)
With luck, this will get me unwedged. But if you
really didn't forget anything, try typing `2' now; then
my insertion and my current dilemma will both disappear.

! Missing } inserted.
<inserted text> 
                }
l.136 ...275.62) {$\displaystyle Sign: __________$
                                                  };
I've inserted something that you may have forgotten.
(See the <inserted text> above.)
With luck, this will get me unwedged. But if you
really didn't forget anything, try typing `2' now; then
my insertion and my current dilemma will both disappear.

! Missing } inserted.
<inserted text> 
                }
l.136 ...275.62) {$\displaystyle Sign: __________$
                                                  };
I've inserted something that you may have forgotten.
(See the <inserted text> above.)
With luck, this will get me unwedged. But if you
really didn't forget anything, try typing `2' now; then
my insertion and my current dilemma will both disappear.

! Missing } inserted.
<inserted text> 
                }
l.136 ...275.62) {$\displaystyle Sign: __________$
                                                  };
I've inserted something that you may have forgotten.
(See the <inserted text> above.)
With luck, this will get me unwedged. But if you
really didn't forget anything, try typing `2' now; then
my insertion and my current dilemma will both disappear.

! Missing } inserted.
<inserted text> 
                }
l.136 ...275.62) {$\displaystyle Sign: __________$
                                                  };
I've inserted something that you may have forgotten.
(See the <inserted text> above.)
With luck, this will get me unwedged. But if you
really didn't forget anything, try typing `2' now; then
my insertion and my current dilemma will both disappear.

! Missing } inserted.
<inserted text> 
                }
l.136 ...275.62) {$\displaystyle Sign: __________$
                                                  };
I've inserted something that you may have forgotten.
(See the <inserted text> above.)
With luck, this will get me unwedged. But if you
really didn't forget anything, try typing `2' now; then
my insertion and my current dilemma will both disappear.

! Missing } inserted.
<inserted text> 
                }
l.136 ...275.62) {$\displaystyle Sign: __________$
                                                  };
I've inserted something that you may have forgotten.
(See the <inserted text> above.)
With luck, this will get me unwedged. But if you
really didn't forget anything, try typing `2' now; then
my insertion and my current dilemma will both disappear.

[2] [3] [4]
LaTeX Font Info:    Trying to load font information for TS1+ptm on input line 2
49.

(C:\Users\ASUS\AppData\Local\Programs\MiKTeX\tex/latex/psnfss\ts1ptm.fd
File: ts1ptm.fd 2001/06/04 font definitions for TS1/ptm.
)
LaTeX Font Info:    Trying to load font information for T1+phv on input line 26
0.

(C:\Users\ASUS\AppData\Local\Programs\MiKTeX\tex/latex/psnfss\t1phv.fd
File: t1phv.fd 2020/03/25 scalable font definitions for T1/phv.
)
[5]
<images/image_p6_2.png, id=25, 402.75468pt x 146.04562pt>
File: images/image_p6_2.png Graphic file (type png)
<use images/image_p6_2.png>
Package pdftex.def Info: images/image_p6_2.png  used on input line 343.
(pdftex.def)             Requested size: 176.00807pt x 63.68753pt.
 [6 <./images/image_p6_2.png>] [7] [8] [9] [10] [11] [12] [13] [14]
LaTeX Font Info:    Trying to load font information for T1+pcr on input line 82
4.

(C:\Users\ASUS\AppData\Local\Programs\MiKTeX\tex/latex/psnfss\t1pcr.fd
File: t1pcr.fd 2001/06/04 font definitions for T1/pcr.
)
[15] [16] [17] [18] [19]
<images/image_p20_3.png, id=74, 736.25063pt x 265.74281pt>
File: images/image_p20_3.png Graphic file (type png)
<use images/image_p20_3.png>
Package pdftex.def Info: images/image_p20_3.png  used on input line 1143.
(pdftex.def)             Requested size: 469.77203pt x 169.5355pt.
 [20 <./images/image_p20_3.png (PNG copy)>]
<images/image_p21_4.png, id=78, 746.79pt x 511.15968pt>
File: images/image_p21_4.png Graphic file (type png)
<use images/image_p21_4.png>
Package pdftex.def Info: images/image_p21_4.png  used on input line 1187.
(pdftex.def)             Requested size: 469.7509pt x 321.5019pt.
<images/image_p21_5.png, id=79, 279.29344pt x 149.05687pt>
File: images/image_p21_5.png Graphic file (type png)
<use images/image_p21_5.png>
Package pdftex.def Info: images/image_p21_5.png  used on input line 1188.
(pdftex.def)             Requested size: 483.92532pt x 258.29697pt.
 [21 <./images/image_p21_4.png (PNG copy)> <./images/image_p21_5.png (PNG copy)
>]
<images/image_p22_6.png, id=83, 727.96968pt x 240.9pt>
File: images/image_p22_6.png Graphic file (type png)
<use images/image_p22_6.png>
Package pdftex.def Info: images/image_p22_6.png  used on input line 1200.
(pdftex.def)             Requested size: 469.76456pt x 155.43626pt.
<images/image_p22_7.png, id=84, 1142.76938pt x 509.65407pt>
File: images/image_p22_7.png Graphic file (type png)
<use images/image_p22_7.png>
Package pdftex.def Info: images/image_p22_7.png  used on input line 1201.
(pdftex.def)             Requested size: 443.81248pt x 199.93079pt.
<images/image_p22_8.png, id=85, 627.09282pt x 271.76532pt>
File: images/image_p22_8.png Graphic file (type png)
<use images/image_p22_8.png>
Package pdftex.def Info: images/image_p22_8.png  used on input line 1202.
(pdftex.def)             Requested size: 437.80418pt x 189.71606pt.
 [22 <./images/image_p22_6.png (PNG copy)> <./images/image_p22_7.png (PNG copy)
> <./images/image_p22_8.png (PNG copy)>]
<images/image_p23_9.png, id=89, 1251.17438pt x 935.74594pt>
File: images/image_p23_9.png Graphic file (type png)
<use images/image_p23_9.png>
Package pdftex.def Info: images/image_p23_9.png  used on input line 1215.
(pdftex.def)             Requested size: 469.74289pt x 351.31793pt.
<images/image_p23_10.png, id=90, 1120.9378pt x 309.40594pt>
File: images/image_p23_10.png Graphic file (type png)
<use images/image_p23_10.png>
Package pdftex.def Info: images/image_p23_10.png  used on input line 1216.
(pdftex.def)             Requested size: 469.76442pt x 129.638pt.
 [23 <./images/image_p23_9.png (PNG copy)> <./images/image_p23_10.png (PNG copy
)>]
<images/image_p24_11.png, id=94, 1134.48843pt x 616.55344pt>
File: images/image_p24_11.png Graphic file (type png)
<use images/image_p24_11.png>
Package pdftex.def Info: images/image_p24_11.png  used on input line 1228.
(pdftex.def)             Requested size: 469.74797pt x 255.30043pt.
<images/image_p24_12.png, id=95, 888.31876pt x 228.10219pt>
File: images/image_p24_12.png Graphic file (type png)
<use images/image_p24_12.png>
Package pdftex.def Info: images/image_p24_12.png  used on input line 1229.
(pdftex.def)             Requested size: 469.74944pt x 120.59772pt.
 [24 <./images/image_p24_11.png (PNG copy)> <./images/image_p24_12.png (PNG cop
y)>]
<images/image_p25_13.png, id=99, 1155.56718pt x 724.20563pt>
File: images/image_p25_13.png Graphic file (type png)
<use images/image_p25_13.png>
Package pdftex.def Info: images/image_p25_13.png  used on input line 1241.
(pdftex.def)             Requested size: 469.74777pt x 294.39566pt.
<images/image_p25_14.png, id=100, 1060.71281pt x 319.1925pt>
File: images/image_p25_14.png Graphic file (type png)
<use images/image_p25_14.png>
Package pdftex.def Info: images/image_p25_14.png  used on input line 1242.
(pdftex.def)             Requested size: 469.75789pt x 141.32668pt.
 [25 <./images/image_p25_13.png (PNG copy)> <./images/image_p25_14.png (PNG cop
y)>]
<images/image_p26_15.png, id=105, 1153.30875pt x 721.19438pt>
File: images/image_p26_15.png Graphic file (type png)
<use images/image_p26_15.png>
Package pdftex.def Info: images/image_p26_15.png  used on input line 1254.
(pdftex.def)             Requested size: 469.76239pt x 293.7438pt.
<images/image_p26_16.png, id=106, 962.09438pt x 268.75406pt>
File: images/image_p26_16.png Graphic file (type png)
<use images/image_p26_16.png>
Package pdftex.def Info: images/image_p26_16.png  used on input line 1255.
(pdftex.def)             Requested size: 469.7568pt x 131.19034pt.
 [26 <./images/image_p26_15.png (PNG copy)> <./images/image_p26_16.png (PNG cop
y)>]
<images/image_p27_17.png, id=110, 1142.01656pt x 718.93594pt>
File: images/image_p27_17.png Graphic file (type png)
<use images/image_p27_17.png>
Package pdftex.def Info: images/image_p27_17.png  used on input line 1267.
(pdftex.def)             Requested size: 458.50626pt x 288.63338pt.
<images/image_p27_18.png, id=111, 792.71156pt x 283.81032pt>
File: images/image_p27_18.png Graphic file (type png)
<use images/image_p27_18.png>
Package pdftex.def Info: images/image_p27_18.png  used on input line 1268.
(pdftex.def)             Requested size: 469.76414pt x 168.18283pt.
 [27 <./images/image_p27_17.png (PNG copy)> <./images/image_p27_18.png (PNG cop
y)>]
<images/image_p28_19.png, id=115, 1137.4997pt x 618.81187pt>
File: images/image_p28_19.png Graphic file (type png)
<use images/image_p28_19.png>
Package pdftex.def Info: images/image_p28_19.png  used on input line 1280.
(pdftex.def)             Requested size: 469.76248pt x 255.55576pt.
<images/image_p28_20.png, id=116, 1155.56718pt x 296.60812pt>
File: images/image_p28_20.png Graphic file (type png)
<use images/image_p28_20.png>
Package pdftex.def Info: images/image_p28_20.png  used on input line 1281.
(pdftex.def)             Requested size: 469.74777pt x 120.55106pt.
 [28 <./images/image_p28_19.png (PNG copy)> <./images/image_p28_20.png (PNG cop
y)>]
<images/image_p29_21.png, id=120, 1142.01656pt x 709.90219pt>
File: images/image_p29_21.png Graphic file (type png)
<use images/image_p29_21.png>
Package pdftex.def Info: images/image_p29_21.png  used on input line 1293.
(pdftex.def)             Requested size: 469.74586pt x 291.99335pt.
<images/image_p29_22.png, id=121, 977.90344pt x 230.36063pt>
File: images/image_p29_22.png Graphic file (type png)
<use images/image_p29_22.png>
Package pdftex.def Info: images/image_p29_22.png  used on input line 1294.
(pdftex.def)             Requested size: 469.76137pt x 110.61049pt.
 [29 <./images/image_p29_21.png (PNG copy)> <./images/image_p29_22.png (PNG cop
y)>]
<images/image_p30_23.png, id=125, 913.91437pt x 520.19344pt>
File: images/image_p30_23.png Graphic file (type png)
<use images/image_p30_23.png>
Package pdftex.def Info: images/image_p30_23.png  used on input line 1305.
(pdftex.def)             Requested size: 469.75774pt x 267.39857pt.
<images/image_p30_24.png, id=126, 913.91437pt x 517.935pt>
File: images/image_p30_24.png Graphic file (type png)
<use images/image_p30_24.png>
Package pdftex.def Info: images/image_p30_24.png  used on input line 1306.
(pdftex.def)             Requested size: 469.75774pt x 266.20604pt.
 [30 <./images/image_p30_23.png (PNG copy)> <./images/image_p30_24.png (PNG cop
y)>]
<images/image_p31_25.png, id=130, 913.16156pt x 515.67656pt>
File: images/image_p31_25.png Graphic file (type png)
<use images/image_p31_25.png>
Package pdftex.def Info: images/image_p31_25.png  used on input line 1317.
(pdftex.def)             Requested size: 457.61075pt x 258.56941pt.
<images/image_p31_26.png, id=131, 912.40875pt x 520.19344pt>
File: images/image_p31_26.png Graphic file (type png)
<use images/image_p31_26.png>
Package pdftex.def Info: images/image_p31_26.png  used on input line 1318.
(pdftex.def)             Requested size: 458.1106pt x 261.16763pt.
<images/image_p31_27.png, id=132, 1122.44344pt x 267.24844pt>
File: images/image_p31_27.png Graphic file (type png)
<use images/image_p31_27.png>
Package pdftex.def Info: images/image_p31_27.png  used on input line 1319.
(pdftex.def)             Requested size: 455.39207pt x 108.4063pt.
 [31 <./images/image_p31_25.png (PNG copy)> <./images/image_p31_26.png (PNG cop
y)> <./images/image_p31_27.png (PNG copy)>]
<images/image_p32_28.png, id=137, 636.12656pt x 627.84563pt>
File: images/image_p32_28.png Graphic file (type png)
<use images/image_p32_28.png>
Package pdftex.def Info: images/image_p32_28.png  used on input line 1330.
(pdftex.def)             Requested size: 471.12425pt x 464.98169pt.
<images/image_p32_29.png, id=138, 1166.85938pt x 368.1253pt>
File: images/image_p32_29.png Graphic file (type png)
<use images/image_p32_29.png>
Package pdftex.def Info: images/image_p32_29.png  used on input line 1331.
(pdftex.def)             Requested size: 469.7445pt x 148.20804pt.
 [32 <./images/image_p32_28.png (PNG copy)> <./images/image_p32_29.png (PNG cop
y)>]
<images/image_p33_30.png, id=142, 640.64343pt x 670.00313pt>
File: images/image_p33_30.png Graphic file (type png)
<use images/image_p33_30.png>
Package pdftex.def Info: images/image_p33_30.png  used on input line 1341.
(pdftex.def)             Requested size: 469.75775pt x 491.28603pt.
 [33 <./images/image_p33_30.png (PNG copy)>]
<images/image_p34_31.png, id=146, 1130.72438pt x 367.3725pt>
File: images/image_p34_31.png Graphic file (type png)
<use images/image_p34_31.png>
Package pdftex.def Info: images/image_p34_31.png  used on input line 1351.
(pdftex.def)             Requested size: 469.74222pt x 152.62491pt.
<images/image_p34_32.png, id=147, 633.86812pt x 664.73344pt>
File: images/image_p34_32.png Graphic file (type png)
<use images/image_p34_32.png>
Package pdftex.def Info: images/image_p34_32.png  used on input line 1352.
(pdftex.def)             Requested size: 469.7708pt x 492.64563pt.

[34 <./images/image_p34_31.png (PNG copy)> <./images/image_p34_32.png (PNG copy
)>]
<images/image_p35_33.png, id=151, 977.90344pt x 283.81032pt>
File: images/image_p35_33.png Graphic file (type png)
<use images/image_p35_33.png>
Package pdftex.def Info: images/image_p35_33.png  used on input line 1362.
(pdftex.def)             Requested size: 469.76137pt x 136.36165pt.
<images/image_p35_34.png, id=152, 633.86812pt x 666.99188pt>
File: images/image_p35_34.png Graphic file (type png)
<use images/image_p35_34.png>
Package pdftex.def Info: images/image_p35_34.png  used on input line 1363.
(pdftex.def)             Requested size: 469.7708pt x 494.30922pt.
 [35 <./images/image_p35_33.png (PNG copy)> <./images/image_p35_34.png (PNG cop
y)>]
<images/image_p36_35.png, id=156, 1163.84813pt x 673.01437pt>
File: images/image_p36_35.png Graphic file (type png)
<use images/image_p36_35.png>
Package pdftex.def Info: images/image_p36_35.png  used on input line 1374.
(pdftex.def)             Requested size: 447.77214pt x 258.91107pt.
<images/image_p36_36.png, id=157, 865.73438pt x 873.2625pt>
File: images/image_p36_36.png Graphic file (type png)
<use images/image_p36_36.png>
Package pdftex.def Info: images/image_p36_36.png  used on input line 1375.
(pdftex.def)             Requested size: 355.70636pt x 358.78613pt.
 [36 <./images/image_p36_35.png (PNG copy)> <./images/image_p36_36.png (PNG cop
y)>] [37] [38] [39]
<images/image_p40_37.png, id=171, 770.88pt x 1156.32pt>
File: images/image_p40_37.png Graphic file (type png)
<use images/image_p40_37.png>
Package pdftex.def Info: images/image_p40_37.png  used on input line 1628.
(pdftex.def)             Requested size: 310.60497pt x 465.69572pt.
 [40 <./images/image_p40_37.png (PNG copy)>] [41]
<images/image_p42_38.png, id=178, 963.6pt x 642.14906pt>
File: images/image_p42_38.png Graphic file (type png)
<use images/image_p42_38.png>
Package pdftex.def Info: images/image_p42_38.png  used on input line 1735.
(pdftex.def)             Requested size: 483.75436pt x 322.40633pt.

[42 <./images/image_p42_38.png (PNG copy)>] [43] [44] [45]
! Missing { inserted.
<to be read again> 
                   _
l.2017 ... at (80.90,576.01) {$\displaystyle if __
                                                  name__ == "__main__":$};
A left brace was mandatory here, so I've put one in.
You might want to delete and/or insert some corrections
so that I will find a matching right brace soon.
(If you're confused by all this, try typing `I}' now.)

! Missing { inserted.
<to be read again> 
                   _
l.2017 ...0.90,576.01) {$\displaystyle if __name__
                                                   == "__main__":$};
A left brace was mandatory here, so I've put one in.
You might want to delete and/or insert some corrections
so that I will find a matching right brace soon.
(If you're confused by all this, try typing `I}' now.)

! Missing { inserted.
<to be read again> 
                   _
l.2017 ...6.01) {$\displaystyle if __name__ == "__
                                                  main__":$};
A left brace was mandatory here, so I've put one in.
You might want to delete and/or insert some corrections
so that I will find a matching right brace soon.
(If you're confused by all this, try typing `I}' now.)

! Missing { inserted.
<to be read again> 
                   _
l.2017 ...{$\displaystyle if __name__ == "__main__
                                                  ":$};
A left brace was mandatory here, so I've put one in.
You might want to delete and/or insert some corrections
so that I will find a matching right brace soon.
(If you're confused by all this, try typing `I}' now.)

! Missing } inserted.
<inserted text> 
                }
l.2017 ...displaystyle if __name__ == "__main__":$
                                                  };
I've inserted something that you may have forgotten.
(See the <inserted text> above.)
With luck, this will get me unwedged. But if you
really didn't forget anything, try typing `2' now; then
my insertion and my current dilemma will both disappear.

! Missing } inserted.
<inserted text> 
                }
l.2017 ...displaystyle if __name__ == "__main__":$
                                                  };
I've inserted something that you may have forgotten.
(See the <inserted text> above.)
With luck, this will get me unwedged. But if you
really didn't forget anything, try typing `2' now; then
my insertion and my current dilemma will both disappear.

! Missing } inserted.
<inserted text> 
                }
l.2017 ...displaystyle if __name__ == "__main__":$
                                                  };
I've inserted something that you may have forgotten.
(See the <inserted text> above.)
With luck, this will get me unwedged. But if you
really didn't forget anything, try typing `2' now; then
my insertion and my current dilemma will both disappear.

! Missing } inserted.
<inserted text> 
                }
l.2017 ...displaystyle if __name__ == "__main__":$
                                                  };
I've inserted something that you may have forgotten.
(See the <inserted text> above.)
With luck, this will get me unwedged. But if you
really didn't forget anything, try typing `2' now; then
my insertion and my current dilemma will both disappear.

[46]
<images/image_p47_39.png, id=195, 849.92531pt x 477.28313pt>
File: images/image_p47_39.png Graphic file (type png)
<use images/image_p47_39.png>
Package pdftex.def Info: images/image_p47_39.png  used on input line 2027.
(pdftex.def)             Requested size: 483.76215pt x 271.66093pt.
 [47 <./images/image_p47_39.png (PNG copy)>]
<images/image_p48_40.png, id=199, 752.8125pt x 834.11626pt>
File: images/image_p48_40.png Graphic file (type png)
<use images/image_p48_40.png>
Package pdftex.def Info: images/image_p48_40.png  used on input line 2068.
(pdftex.def)             Requested size: 483.77411pt x 536.03445pt.
 [48 <./images/image_p48_40.png (PNG copy)>]
<images/image_p49_41.png, id=203, 711.4078pt x 889.82437pt>
File: images/image_p49_41.png Graphic file (type png)
<use images/image_p49_41.png>
Package pdftex.def Info: images/image_p49_41.png  used on input line 2079.
(pdftex.def)             Requested size: 483.77261pt x 605.11331pt.
 [49 <./images/image_p49_41.png (PNG copy)>]
<images/image_p50_42.png, id=208, 730.22812pt x 727.96968pt>
File: images/image_p50_42.png Graphic file (type png)
<use images/image_p50_42.png>
Package pdftex.def Info: images/image_p50_42.png  used on input line 2089.
(pdftex.def)             Requested size: 483.75711pt x 482.26096pt.
 [50 <./images/image_p50_42.png (PNG copy)>]
<images/image_p51_43.png, id=212, 837.88031pt x 630.10406pt>
File: images/image_p51_43.png Graphic file (type png)
<use images/image_p51_43.png>
Package pdftex.def Info: images/image_p51_43.png  used on input line 2101.
(pdftex.def)             Requested size: 470.60335pt x 353.87502pt.
<images/image_p51_44.png, id=213, 925.20656pt x 267.24844pt>
File: images/image_p51_44.png Graphic file (type png)
<use images/image_p51_44.png>
Package pdftex.def Info: images/image_p51_44.png  used on input line 2102.
(pdftex.def)             Requested size: 469.75972pt x 135.66283pt.
 [51 <./images/image_p51_43.png (PNG copy)> <./images/image_p51_44.png (PNG cop
y)>]
<images/image_p52_45.png, id=217, 908.64468pt x 715.17188pt>
File: images/image_p52_45.png Graphic file (type png)
<use images/image_p52_45.png>
Package pdftex.def Info: images/image_p52_45.png  used on input line 2115.
(pdftex.def)             Requested size: 469.75273pt x 369.7308pt.
 [52 <./images/image_p52_45.png (PNG copy)>] [53]
[54] [55] [56] [57] [58] [59] [60] [61] [62] [63] (output.aux)
 ***********
LaTeX2e <2025-11-01>
L3 programming layer <2025-12-24>
 ***********
 ) 
Here is how much of TeX's memory you used:
 15218 strings out of 467871
 303682 string characters out of 5418860
 723742 words of memory out of 5000000
 43779 multiletter control sequences out of 15000+600000
 726472 words of font info for 140 fonts, out of 8000000 for 9000
 1141 hyphenation exceptions out of 8191
 84i,14n,94p,474b,608s stack positions out of 10000i,1000n,20000p,200000b,200000s
<C:/Users/ASUS/AppData/Local/Programs/MiKTeX/fonts/type1/public/amsfonts/cm/c
mr10.pfb><C:/Users/ASUS/AppData/Local/Programs/MiKTeX/fonts/type1/urw/courier/u
crr8a.pfb><C:/Users/ASUS/AppData/Local/Programs/MiKTeX/fonts/type1/urw/times/ut
mb8a.pfb><C:/Users/ASUS/AppData/Local/Programs/MiKTeX/fonts/type1/urw/times/utm
r8a.pfb><C:/Users/ASUS/AppData/Local/Programs/MiKTeX/fonts/type1/urw/times/utmr
i8a.pfb>
Output written on C:\Users\ASUS\OneDrive\Desktop\pdf2latx\backend\outputs\b2bc9
fa8-b6a\output.pdf (63 pages, 4944451 bytes).
PDF statistics:
 281 PDF objects out of 1000 (max. 8388607)
 0 named destinations out of 1000 (max. 500000)
 238 words of extra memory for PDF output out of 10000 (max. 10000000)

